[    .000000] Initializing cgroup subsys cpuset
[    0.000000] Initializing cgroup subsys cpu
[    0.000000] Initializing cgroup subsys cpuacct
[    0.000000] Linux version 4.4.0-87-generic (buildd@lcy01-31) (gcc version 5.4.0 20160609 (Ubuntu 5.4.0-6ubuntu1~16.04.4) ) #110-Ubuntu SMP Tue Jul 18 12:55:35 UTC 2017 (Ubuntu 4.4.0-87.110-generic 4.4.73)
[    0.000000] Command line: BOOT_IMAGE=/boot/vmlinuz-4.4.0-87-generic root=LABEL=cloudimg-rootfs ro console=tty1 console=ttyS0
[    0.000000] KERNEL supported cpus:
[    0.000000]   Intel GenuineIntel
[    0.000000]   AMD AuthenticAMD
[    0.000000]   Centaur CentaurHauls
[    0.000000] x86/fpu: xstate_offset[2]:  576, xstate_sizes[2]:  256
[    0.000000] x86/fpu: Supporting XSAVE feature 0x01: 'x87 floating point registers'
[    0.000000] x86/fpu: Supporting XSAVE feature 0x02: 'SSE registers'
[    0.000000] x86/fpu: Supporting XSAVE feature 0x04: 'AVX registers'
[    0.000000] x86/fpu: Enabled xstate features 0x7, context size is 832 bytes, using 'standard' format.
[    0.000000] x86/fpu: Using 'lazy' FPU context switches.
[    0.000000] e820: BIOS-provided physical RAM map:
[    0.000000] BIOS-e820: [mem 0x0000000000000000-0x000000000009fbff] usable
[    0.000000] BIOS-e820: [mem 0x000000000009fc00-0x000000000009ffff] reserved
[    0.000000] BIOS-e820: [mem 0x00000000000f0000-0x00000000000fffff] reserved
[    0.000000] BIOS-e820: [mem 0x0000000000100000-0x000000003ffeffff] usable
[    0.000000] BIOS-e820: [mem 0x000000003fff0000-0x000000003fffffff] ACPI data
[    0.000000] BIOS-e820: [mem 0x00000000fec00000-0x00000000fec00fff] reserved
[    0.000000] BIOS-e820: [mem 0x00000000fee00000-0x00000000fee00fff] reserved
[    0.000000] BIOS-e820: [mem 0x00000000fffc0000-0x00000000ffffffff] reserved
[    0.000000] NX (Execute Disable) protection: active
[    0.000000] SMBIOS 2.5 present.
[    0.000000] Hypervisor detected: KVM
[    0.000000] e820: last_pfn = 0x3fff0 max_arch_pfn = 0x400000000
[    0.000000] MTRR: Disabled
[    0.000000] x86/PAT: MTRRs disabled, skipping PAT initialization too.
[    0.000000] x86/PAT: Configuration [0-7]: WB  WT  UC- UC  WB  WT  UC- UC  
[    0.000000] CPU MTRRs all blank - virtualized system.
[    0.000000] found SMP MP-table at [mem 0x0009fff0-0x0009ffff] mapped at [ffff88000009fff0]
[    0.000000] Scanning 1 areas for low memory corruption
[    0.000000] RAMDISK: [mem 0x36ad0000-0x3755ffff]
[    0.000000] ACPI: Early table checksum verification disabled
[    0.000000] ACPI: RSDP 0x00000000000E0000 000024 (v02 VBOX  )
[    0.000000] ACPI: XSDT 0x000000003FFF0030 00003C (v01 VBOX   VBOXXSDT 00000001 ASL  00000061)
[    0.000000] ACPI: FACP 0x000000003FFF00F0 0000F4 (v04 VBOX   VBOXFACP 00000001 ASL  00000061)
[    0.000000] ACPI: DSDT 0x000000003FFF0470 00210F (v01 VBOX   VBOXBIOS 00000002 INTL 20160831)
[    0.000000] ACPI: FACS 0x000000003FFF0200 000040
[    0.000000] ACPI: FACS 0x000000003FFF0200 000040
[    0.000000] ACPI: APIC 0x000000003FFF0240 00005C (v02 VBOX   VBOXAPIC 00000001 ASL  00000061)
[    0.000000] ACPI: SSDT 0x000000003FFF02A0 0001CC (v01 VBOX   VBOXCPUT 00000002 INTL 20160831)
[    0.000000] No NUMA configuration found
[    0.000000] Faking a node at [mem 0x0000000000000000-0x000000003ffeffff]
[    0.000000] NODE_DATA(0) allocated [mem 0x3ffeb000-0x3ffeffff]
[    0.000000] kvm-clock: Using msrs 4b564d01 and 4b564d00
[    0.000000] kvm-clock: cpu 0, msr 0:3ffe3001, primary cpu clock
[    0.000000] kvm-clock: using sched offset of 3885065241 cycles
[    0.000000] clocksource: kvm-clock: mask: 0xffffffffffffffff max_cycles: 0x1cd42e4dffb, max_idle_ns: 881590591483 ns
[    0.000000] Zone ranges:
[    0.000000]   DMA      [mem 0x0000000000001000-0x0000000000ffffff]
[    0.000000]   DMA32    [mem 0x0000000001000000-0x000000003ffeffff]
[    0.000000]   Normal   empty
[    0.000000]   Device   empty
[    0.000000] Movable zone start for each node
[    0.000000] Early memory node ranges
[    0.000000]   node   0: [mem 0x0000000000001000-0x000000000009efff]
[    0.000000]   node   0: [mem 0x0000000000100000-0x000000003ffeffff]
[    0.000000] Initmem setup node 0 [mem 0x0000000000001000-0x000000003ffeffff]
[    0.000000] ACPI: PM-Timer IO Port: 0x4008
[    0.000000] IOAPIC[0]: apic_id 2, version 32, address 0xfec00000, GSI 0-23
[    0.000000] ACPI: INT_SRC_OVR (bus 0 bus_irq 0 global_irq 2 dfl dfl)
[    0.000000] ACPI: INT_SRC_OVR (bus 0 bus_irq 9 global_irq 9 high level)
[    0.000000] Using ACPI (MADT) for SMP configuration information
[    0.000000] smpboot: Allowing 2 CPUs, 0 hotplug CPUs
[    0.000000] PM: Registered nosave memory: [mem 0x00000000-0x00000fff]
[    0.000000] PM: Registered nosave memory: [mem 0x0009f000-0x0009ffff]
[    0.000000] PM: Registered nosave memory: [mem 0x000a0000-0x000effff]
[    0.000000] PM: Registered nosave memory: [mem 0x000f0000-0x000fffff]
[    0.000000] e820: [mem 0x40000000-0xfebfffff] available for PCI devices
[    0.000000] Booting paravirtualized kernel on KVM
[    0.000000] clocksource: refined-jiffies: mask: 0xffffffff max_cycles: 0xffffffff, max_idle_ns: 7645519600211568 ns
[    0.000000] setup_percpu: NR_CPUS:512 nr_cpumask_bits:512 nr_cpu_ids:2 nr_node_ids:1
[    0.000000] PERCPU: Embedded 33 pages/cpu @ffff88003fc00000 s98264 r8192 d28712 u1048576
[    0.000000] PV qspinlock hash table entries: 256 (order: 0, 4096 bytes)
[    0.000000] Built 1 zonelists in Node order, mobility grouping on.  Total pages: 257913
[    0.000000] Policy zone: DMA32
[    0.000000] Kernel command line: BOOT_IMAGE=/boot/vmlinuz-4.4.0-87-generic root=LABEL=cloudimg-rootfs ro console=tty1 console=ttyS0
[    0.000000] PID hash table entries: 4096 (order: 3, 32768 bytes)
[    0.000000] Memory: 1001760K/1048120K available (8474K kernel code, 1293K rwdata, 3984K rodata, 1488K init, 1316K bss, 46360K reserved, 0K cma-reserved)
[    0.000000] SLUB: HWalign=64, Order=0-3, MinObjects=0, CPUs=2, Nodes=1
[    0.000000] Hierarchical RCU implementation.
[    0.000000] 	Build-time adjustment of leaf fanout to 64.
[    0.000000] 	RCU restricting CPUs from NR_CPUS=512 to nr_cpu_ids=2.
[    0.000000] RCU: Adjusting geometry for rcu_fanout_leaf=64, nr_cpu_ids=2
[    0.000000] NR_IRQS:33024 nr_irqs:440 16
[    0.000000] Console: colour VGA+ 80x25
[    0.000000] console [tty1] enabled
[    0.000000] console [ttyS0] enabled
[    0.000000] tsc: Detected 2491.906 MHz processor
[    0.554387] Calibrating delay loop (skipped) preset value.. 4983.81 BogoMIPS (lpj=9967624)
[    0.558775] pid_max: default: 32768 minimum: 301
[    0.561058] ACPI: Core revision 20150930
[    0.565209] ACPI: 2 ACPI AML tables successfully acquired and loaded
[    0.569172] Security Framework initialized
[    0.571172] Yama: becoming mindful.
[    0.573862] AppArmor: AppArmor initialized
[    0.576012] Dentry cache hash table entries: 131072 (order: 8, 1048576 bytes)
[    0.579640] Inode-cache hash table entries: 65536 (order: 7, 524288 bytes)
[    0.584196] Mount-cache hash table entries: 2048 (order: 2, 16384 bytes)
[    0.587364] Mountpoint-cache hash table entries: 2048 (order: 2, 16384 bytes)
[    0.591147] Initializing cgroup subsys io
[    0.594328] Initializing cgroup subsys memory
[    0.596585] Initializing cgroup subsys devices
[    0.598760] Initializing cgroup subsys freezer
[    0.601200] Initializing cgroup subsys net_cls
[    0.604268] Initializing cgroup subsys perf_event
[    0.606901] Initializing cgroup subsys net_prio
[    0.612286] Initializing cgroup subsys hugetlb
[    0.615151] Initializing cgroup subsys pids
[    0.617704] CPU: Physical Processor ID: 0
[    0.620343] CPU: Processor Core ID: 0
[    0.622326] mce: CPU supports 0 MCE banks
[    0.624533] Last level iTLB entries: 4KB 512, 2MB 8, 4MB 8
[    0.627837] Last level dTLB entries: 4KB 512, 2MB 32, 4MB 32, 1GB 0
[    0.634443] Freeing SMP alternatives memory: 32K (ffffffff820b9000 - ffffffff820c1000)
[    0.656650] ftrace: allocating 32128 entries in 126 pages
[    0.754821] smpboot: APIC(0) Converting physical 0 to logical package 0
[    0.758060] smpboot: Max logical packages: 1
[    0.761672] x2apic enabled
[    0.764000] Switched APIC routing to physical x2apic.
[    0.768878] ..TIMER: vector=0x30 apic1=0 pin1=2 apic2=-1 pin2=-1
[    0.880641] smpboot: CPU0: Intel(R) Core(TM) i5-2520M CPU @ 2.50GHz (family: 0x6, model: 0x2a, stepping: 0x7)
[    0.888389] Performance Events: unsupported p6 CPU model 42 no PMU driver, software events only.
[    0.893672] KVM setup paravirtual spinlock
[    0.898792] x86: Booting SMP configuration:
[    0.900824] .... node  #0, CPUs:      #1
[    0.903485] kvm-clock: cpu 1, msr 0:3ffe3041, secondary cpu clock
[    0.977473] mce: CPU supports 0 MCE banks
[    0.983498] x86: Booted up 1 node, 2 CPUs
[    0.991651] smpboot: Total of 2 processors activated (9967.62 BogoMIPS)
[    0.996156] devtmpfs: initialized
[    1.001195] evm: security.selinux
[    1.008424] evm: security.SMACK64
[    1.010602] evm: security.SMACK64EXEC
[    1.012903] evm: security.SMACK64TRANSMUTE
[    1.016308] evm: security.SMACK64MMAP
[    1.018859] evm: security.ima
[    1.020754] evm: security.capability
[    1.023306] clocksource: jiffies: mask: 0xffffffff max_cycles: 0xffffffff, max_idle_ns: 7645041785100000 ns
[    1.028814] futex hash table entries: 512 (order: 3, 32768 bytes)
[    1.044011] pinctrl core: initialized pinctrl subsystem
[    1.054087] RTC time:  7:23:59, date: 09/27/17
[    1.059022] NET: Registered protocol family 16
[    1.072254] cpuidle: using governor ladder
[    1.092576] cpuidle: using governor menu
[    1.094817] PCCT header not found.
[    1.097341] ACPI: bus type PCI registered
[    1.100745] acpiphp: ACPI Hot Plug PCI Controller Driver version: 0.5
[    1.104394] PCI: Using configuration type 1 for base access
[    1.121574] ACPI: Added _OSI(Module Device)
[    1.149042] ACPI: Added _OSI(Processor Device)
[    1.164435] ACPI: Added _OSI(3.0 _SCP Extensions)
[    1.169970] ACPI: Added _OSI(Processor Aggregator Device)
[    1.173748] ACPI: Executed 1 blocks of module-level executable AML code
[    1.180927] ACPI: Interpreter enabled
[    1.182860] ACPI: (supports S0 S5)
[    1.184743] ACPI: Using IOAPIC for interrupt routing
[    1.187469] PCI: Using host bridge windows from ACPI; if necessary, use "pci=nocrs" and report a bug
[    1.198357] ACPI: PCI Root Bridge [PCI0] (domain 0000 [bus 00-ff])
[    1.201724] acpi PNP0A03:00: _OSC: OS supports [ASPM ClockPM Segments MSI]
[    1.205007] acpi PNP0A03:00: _OSC failed (AE_NOT_FOUND); disabling ASPM
[    1.208134] acpi PNP0A03:00: fail to add MMCONFIG information, can't access extended PCI configuration space under this bridge.
[    1.218666] PCI host bridge to bus 0000:00
[    1.224227] pci_bus 0000:00: root bus resource [io  0x0000-0x0cf7 window]
[    1.229852] pci_bus 0000:00: root bus resource [io  0x0d00-0xffff window]
[    1.236643] pci_bus 0000:00: root bus resource [mem 0x000a0000-0x000bffff window]
[    1.247064] pci_bus 0000:00: root bus resource [mem 0x40000000-0xffdfffff window]
[    1.250632] pci_bus 0000:00: root bus resource [bus 00-ff]
[    1.274900] pci 0000:00:01.1: legacy IDE quirk: reg 0x10: [io  0x01f0-0x01f7]
[    1.283656] pci 0000:00:01.1: legacy IDE quirk: reg 0x14: [io  0x03f6]
[    1.299701] pci 0000:00:01.1: legacy IDE quirk: reg 0x18: [io  0x0170-0x0177]
[    1.304617] pci 0000:00:01.1: legacy IDE quirk: reg 0x1c: [io  0x0376]
[    1.352408] pci 0000:00:07.0: quirk: [io  0x4000-0x403f] claimed by PIIX4 ACPI
[    1.373885] pci 0000:00:07.0: quirk: [io  0x4100-0x410f] claimed by PIIX4 SMB
[    1.395715] ACPI: PCI Interrupt Link [LNKA] (IRQs 5 9 10 *11)
[    1.425936] ACPI: PCI Interrupt Link [LNKB] (IRQs 5 9 10 *11)
[    1.430111] ACPI: PCI Interrupt Link [LNKC] (IRQs 5 9 *10 11)
[    1.437844] ACPI: PCI Interrupt Link [LNKD] (IRQs 5 *9 10 11)
[    1.442057] ACPI: Enabled 2 GPEs in block 00 to 07
[    1.446989] vgaarb: setting as boot device: PCI:0000:00:02.0
[    1.450017] vgaarb: device added: PCI:0000:00:02.0,decodes=io+mem,owns=io+mem,locks=none
[    1.454512] vgaarb: loaded
[    1.456680] vgaarb: bridge control possible 0000:00:02.0
[    1.462146] SCSI subsystem initialized
[    1.473163] ACPI: bus type USB registered
[    1.477126] usbcore: registered new interface driver usbfs
[    1.479993] usbcore: registered new interface driver hub
[    1.482584] usbcore: registered new device driver usb
[    1.487558] PCI: Using ACPI for IRQ routing
[    1.497718] NetLabel: Initializing
[    1.500121] NetLabel:  domain hash size = 128
[    1.502309] NetLabel:  protocols = UNLABELED CIPSOv4
[    1.505857] NetLabel:  unlabeled traffic allowed by default
[    1.509549] amd_nb: Cannot enumerate AMD northbridges
[    1.525712] clocksource: Switched to clocksource kvm-clock
[    .599] ppmor: AppArmor Filesystem Enabled
[    1.894789] pnp: PnP ACPI init
[    1.898302] pnp: PnP ACPI: found 3 devices

[  1.913943] clocksource: acpi_pm: mask: 0xffffff max_cycles: 0xffffff, max_idle_ns: 2085701024 ns
[    2.003674] NET: Registered protocol family 2

[    2.006850] TCP established hash table entries: 8192 (order: 4, 65536 bytes)
[    2.016843] TCP bind hash table entries: 8192 (order: 5, 131072 bytes)
[    2.020101] TCP: Hash tables configured (established 8192 bind 8192)
[    2.022940] UDP hash table entries: 512 (order: 2, 16384 bytes)
[    2.025945] UDP-Lite hash table entries: 512 (order: 2, 16384 bytes)
[    2.029003] NET: Registered protocol family 1
[    2.031882] pci 0000:00:00.0: Limiting direct PCI/PCI transfers
[    2.035179] pci 0000:00:01.0: Activating ISA DMA hang workarounds
[    2.039130] Unpacking initramfs...
